  Source.c
C:\Users\טופז\Desktop\תואר ראשון- הנדסת מחשבים\שנה א\שפת C\מטלות בית סמסטר ב\HomeWork\HomeWork\Bitwise  Multiprogramming 6\Binary operators\Binary operators\Source.c(6,9): error C2065: 'pid_t': undeclared identifier
C:\Users\טופז\Desktop\תואר ראשון- הנדסת מחשבים\שנה א\שפת C\מטלות בית סמסטר ב\HomeWork\HomeWork\Bitwise  Multiprogramming 6\Binary operators\Binary operators\Source.c(6,9): error C2146: syntax error: missing ';' before identifier 'pid1'
C:\Users\טופז\Desktop\תואר ראשון- הנדסת מחשבים\שנה א\שפת C\מטלות בית סמסטר ב\HomeWork\HomeWork\Bitwise  Multiprogramming 6\Binary operators\Binary operators\Source.c(6,13): error C2065: 'pid1': undeclared identifier
C:\Users\טופז\Desktop\תואר ראשון- הנדסת מחשבים\שנה א\שפת C\מטלות בית סמסטר ב\HomeWork\HomeWork\Bitwise  Multiprogramming 6\Binary operators\Binary operators\Source.c(6,19): error C2065: 'pid2': undeclared identifier
C:\Users\טופז\Desktop\תואר ראשון- הנדסת מחשבים\שנה א\שפת C\מטלות בית סמסטר ב\HomeWork\HomeWork\Bitwise  Multiprogramming 6\Binary operators\Binary operators\Source.c(7,9): error C2065: 'pid_t': undeclared identifier
C:\Users\טופז\Desktop\תואר ראשון- הנדסת מחשבים\שנה א\שפת C\מטלות בית סמסטר ב\HomeWork\HomeWork\Bitwise  Multiprogramming 6\Binary operators\Binary operators\Source.c(7,9): error C2146: syntax error: missing ';' before identifier 'wait_pidA'
C:\Users\טופז\Desktop\תואר ראשון- הנדסת מחשבים\שנה א\שפת C\מטלות בית סמסטר ב\HomeWork\HomeWork\Bitwise  Multiprogramming 6\Binary operators\Binary operators\Source.c(7,18): error C2065: 'wait_pidA': undeclared identifier
C:\Users\טופז\Desktop\תואר ראשון- הנדסת מחשבים\שנה א\שפת C\מטלות בית סמסטר ב\HomeWork\HomeWork\Bitwise  Multiprogramming 6\Binary operators\Binary operators\Source.c(7,29): error C2065: 'wait_pidB': undeclared identifier
C:\Users\טופז\Desktop\תואר ראשון- הנדסת מחשבים\שנה א\שפת C\מטלות בית סמסטר ב\HomeWork\HomeWork\Bitwise  Multiprogramming 6\Binary operators\Binary operators\Source.c(9,14): error C2065: 'pid1': undeclared identifier
C:\Users\טופז\Desktop\תואר ראשון- הנדסת מחשבים\שנה א\שפת C\מטלות בית סמסטר ב\HomeWork\HomeWork\Bitwise  Multiprogramming 6\Binary operators\Binary operators\Source.c(9,20): warning C4013: 'fork' undefined; assuming extern returning int
C:\Users\טופז\Desktop\תואר ראשון- הנדסת מחשבים\שנה א\שפת C\מטלות בית סמסטר ב\HomeWork\HomeWork\Bitwise  Multiprogramming 6\Binary operators\Binary operators\Source.c(12,14): error C2065: 'pid2': undeclared identifier
C:\Users\טופז\Desktop\תואר ראשון- הנדסת מחשבים\שנה א\שפת C\מטלות בית סמסטר ב\HomeWork\HomeWork\Bitwise  Multiprogramming 6\Binary operators\Binary operators\Source.c(16,14): error C2065: 'wait_pidA': undeclared identifier
C:\Users\טופז\Desktop\תואר ראשון- הנדסת מחשבים\שנה א\שפת C\מטלות בית סמסטר ב\HomeWork\HomeWork\Bitwise  Multiprogramming 6\Binary operators\Binary operators\Source.c(16,20): warning C4013: 'wait' undefined; assuming extern returning int
C:\Users\טופז\Desktop\תואר ראשון- הנדסת מחשבים\שנה א\שפת C\מטלות בית סמסטר ב\HomeWork\HomeWork\Bitwise  Multiprogramming 6\Binary operators\Binary operators\Source.c(17,18): error C2065: 'wait_pidA': undeclared identifier
C:\Users\טופז\Desktop\תואר ראשון- הנדסת מחשבים\שנה א\שפת C\מטלות בית סמסטר ב\HomeWork\HomeWork\Bitwise  Multiprogramming 6\Binary operators\Binary operators\Source.c(17,25): error C2065: 'pid1': undeclared identifier
C:\Users\טופז\Desktop\תואר ראשון- הנדסת מחשבים\שנה א\שפת C\מטלות בית סמסטר ב\HomeWork\HomeWork\Bitwise  Multiprogramming 6\Binary operators\Binary operators\Source.c(19,18): error C2065: 'wait_pidA': undeclared identifier
C:\Users\טופז\Desktop\תואר ראשון- הנדסת מחשבים\שנה א\שפת C\מטלות בית סמסטר ב\HomeWork\HomeWork\Bitwise  Multiprogramming 6\Binary operators\Binary operators\Source.c(19,25): error C2065: 'pid2': undeclared identifier
C:\Users\טופז\Desktop\תואר ראשון- הנדסת מחשבים\שנה א\שפת C\מטלות בית סמסטר ב\HomeWork\HomeWork\Bitwise  Multiprogramming 6\Binary operators\Binary operators\Source.c(21,13): error C2065: 'wait_pidB': undeclared identifier
C:\Users\טופז\Desktop\תואר ראשון- הנדסת מחשבים\שנה א\שפת C\מטלות בית סמסטר ב\HomeWork\HomeWork\Bitwise  Multiprogramming 6\Binary operators\Binary operators\Source.c(22,18): error C2065: 'wait_pidB': undeclared identifier
C:\Users\טופז\Desktop\תואר ראשון- הנדסת מחשבים\שנה א\שפת C\מטלות בית סמסטר ב\HomeWork\HomeWork\Bitwise  Multiprogramming 6\Binary operators\Binary operators\Source.c(22,25): error C2065: 'pid1': undeclared identifier
C:\Users\טופז\Desktop\תואר ראשון- הנדסת מחשבים\שנה א\שפת C\מטלות בית סמסטר ב\HomeWork\HomeWork\Bitwise  Multiprogramming 6\Binary operators\Binary operators\Source.c(24,18): error C2065: 'wait_pidB': undeclared identifier
C:\Users\טופז\Desktop\תואר ראשון- הנדסת מחשבים\שנה א\שפת C\מטלות בית סמסטר ב\HomeWork\HomeWork\Bitwise  Multiprogramming 6\Binary operators\Binary operators\Source.c(24,25): error C2065: 'pid2': undeclared identifier
